[32m2025-11-19 17:03:01 +0000[0m - dagster - [34mDEBUG[0m - __ASSET_JOB - eb7eeb8d-6ddf-4b8e-98c5-6ee348b1a9af - 50462 - LOGS_CAPTURED - Started capturing logs in process (pid: 50462).
[32m2025-11-19 17:03:01 +0000[0m - dagster - [34mDEBUG[0m - __ASSET_JOB - eb7eeb8d-6ddf-4b8e-98c5-6ee348b1a9af - 50462 - jaffle_shop_dbt_assets - STEP_START - Started execution of step "jaffle_shop_dbt_assets".
[32m2025-11-19 17:03:01 +0000[0m - dagster - [34mINFO[0m - __ASSET_JOB - eb7eeb8d-6ddf-4b8e-98c5-6ee348b1a9af - jaffle_shop_dbt_assets - A dbt subsetted execution is not being performed. Using the default dbt selection arguments `['--select', 'fqn:*']`.
[32m2025-11-19 17:03:04 +0000[0m - dagster - [34mINFO[0m - __ASSET_JOB - eb7eeb8d-6ddf-4b8e-98c5-6ee348b1a9af - jaffle_shop_dbt_assets - Copying `/workspace/twitch-dp/jaffle_shop/target/partial_parse.msgpack` to `/workspace/twitch-dp/jaffle_shop/target/jaffle_shop_dbt_assets-eb7eeb8-d90df50/partial_parse.msgpack` to take advantage of partial parsing.
[32m2025-11-19 17:03:04 +0000[0m - dagster - [34mINFO[0m - __ASSET_JOB - eb7eeb8d-6ddf-4b8e-98c5-6ee348b1a9af - jaffle_shop_dbt_assets - Running dbt command: `dbt build --select fqn:*`.
[32m2025-11-19 17:03:08 +0000[0m - dagster - [34mINFO[0m - __ASSET_JOB - eb7eeb8d-6ddf-4b8e-98c5-6ee348b1a9af - jaffle_shop_dbt_assets - Finished dbt command: `dbt build --select fqn:*`.
[32m2025-11-19 17:03:08 +0000[0m - dagster - [34mERROR[0m - [31m__ASSET_JOB - eb7eeb8d-6ddf-4b8e-98c5-6ee348b1a9af - 50462 - jaffle_shop_dbt_assets - STEP_FAILURE - Execution of step "jaffle_shop_dbt_assets" failed.

dagster_dbt.errors.DagsterDbtCliRuntimeError: The dbt CLI process with command

`dbt build --select fqn:*`

failed with exit code `2`. Check the stdout in the Dagster compute logs for the full information about the error, or view the dbt debug log: /workspace/twitch-dp/jaffle_shop/target/jaffle_shop_dbt_assets-eb7eeb8-d90df50/dbt.log.

Errors parsed from dbt logs:

Encountered an error:
Database Error
  'NoneType' object has no attribute 'keys'

Stack Trace:
  File "/workspace/twitch-dp/dagster_project/.venv/lib/python3.12/site-packages/dagster/_core/execution/plan/execute_plan.py", line 247, in dagster_event_sequence_for_step
    yield from check.generator(step_events)
  File "/workspace/twitch-dp/dagster_project/.venv/lib/python3.12/site-packages/dagster/_core/execution/plan/execute_step.py", line 504, in core_dagster_event_sequence_for_step
    for user_event in _step_output_error_checked_user_event_sequence(
                      ^^^^^^^^^^^^^^^^^^^^^^^^^^^^^^^^^^^^^^^^^^^^^^^
  File "/workspace/twitch-dp/dagster_project/.venv/lib/python3.12/site-packages/dagster/_core/execution/plan/execute_step.py", line 183, in _step_output_error_checked_user_event_sequence
    for user_event in user_event_sequence:
                      ^^^^^^^^^^^^^^^^^^^
  File "/workspace/twitch-dp/dagster_project/.venv/lib/python3.12/site-packages/dagster/_core/execution/plan/execute_step.py", line 88, in _process_asset_results_to_events
    for user_event in user_event_sequence:
                      ^^^^^^^^^^^^^^^^^^^
  File "/workspace/twitch-dp/dagster_project/.venv/lib/python3.12/site-packages/dagster/_core/execution/plan/compute.py", line 188, in execute_core_compute
    for step_output in _yield_compute_results(step_context, inputs, compute_fn, compute_context):
                       ^^^^^^^^^^^^^^^^^^^^^^^^^^^^^^^^^^^^^^^^^^^^^^^^^^^^^^^^^^^^^^^^^^^^^^^^^
  File "/workspace/twitch-dp/dagster_project/.venv/lib/python3.12/site-packages/dagster/_core/execution/plan/compute.py", line 157, in _yield_compute_results
    for event in iterate_with_context(
                 ^^^^^^^^^^^^^^^^^^^^^
  File "/workspace/twitch-dp/dagster_project/.venv/lib/python3.12/site-packages/dagster/_utils/__init__.py", line 394, in iterate_with_context
    next_output = next(iterator)
                  ^^^^^^^^^^^^^^
  File "/workspace/twitch-dp/dagster_project/dagster_project/assets.py", line 9, in jaffle_shop_dbt_assets
    yield from dbt.cli(["build"], context=context).stream()
  File "/workspace/twitch-dp/dagster_project/.venv/lib/python3.12/site-packages/dagster_dbt/core/dbt_event_iterator.py", line 215, in __next__
    return next(self._inner_iterator)
           ^^^^^^^^^^^^^^^^^^^^^^^^^^
  File "/workspace/twitch-dp/dagster_project/.venv/lib/python3.12/site-packages/dagster_dbt/core/dbt_cli_invocation.py", line 288, in _stream_asset_events
    for event in self.stream_raw_events():
                 ^^^^^^^^^^^^^^^^^^^^^^^^
  File "/workspace/twitch-dp/dagster_project/.venv/lib/python3.12/site-packages/dagster_dbt/core/dbt_cli_invocation.py", line 381, in stream_raw_events
    self._raise_on_error()
  File "/workspace/twitch-dp/dagster_project/.venv/lib/python3.12/site-packages/dagster_dbt/core/dbt_cli_invocation.py", line 474, in _raise_on_error
    raise error
[0m
